<?xml version="1.0" encoding="UTF-8"?>
<testsuite name="com.mishamba.module1.TestStringUtils" tests="2" skipped="0" failures="0" errors="0" timestamp="2021-01-06T14:38:11" hostname="mishamba" time="0.024">
  <properties/>
  <testcase name="testNegativeNumber()" classname="com.mishamba.module1.TestStringUtils" time="0.022"/>
  <testcase name="testPositiveNumber()" classname="com.mishamba.module1.TestStringUtils" time="0.001"/>
  <system-out><![CDATA[]]></system-out>
  <system-err><![CDATA[]]></system-err>
</testsuite>
